[[34m  Info  [0m]  - Now solving 'precond. (call subseqTrans[T](xs, ys, zs))' VC for subseqTrans @60:25...
[[34m  Info  [0m]  - Now solving 'precond. (call subseqTrans[T](a, ys, c))' VC for subseqTrans @62:25...
[[34m  Info  [0m]  - Now solving 'precond. (call check(subseqTrans[T](ys, b, c)))' VC for subseqTrans @64:15...
[[34m  Info  [0m]  - Now solving 'precond. (call subseqTrans[T](a, b, zs))' VC for subseqTrans @61:25...
[[34m  Info  [0m]  - Result for 'precond. (call subseqTrans[T](a, b, zs))' VC for subseqTrans @61:25:
[[34m  Info  [0m]  => VALID
[[34m  Info  [0m]  - Result for 'precond. (call subseqTrans[T](xs, ys, zs))' VC for subseqTrans @60:25:
[[34m  Info  [0m]  => VALID
[[34m  Info  [0m]  - Now solving 'precond. (call check(subseqTail[T](b)))' VC for subseqTrans @64:47...
[[34m  Info  [0m]  - Now solving 'precond. (call check(isSubseqOf[T](ys, c)))' VC for subseqTrans @63:13...
[[34m  Info  [0m]  - Result for 'precond. (call check(subseqTrans[T](ys, b, c)))' VC for subseqTrans @64:15:
[[34m  Info  [0m]  => VALID
[[34m  Info  [0m]  - Now solving 'precond. (call subseqTrans[T](ys, b, c))' VC for subseqTrans @64:21...
[[34m  Info  [0m]  - Result for 'precond. (call check(isSubseqOf[T](ys, c)))' VC for subseqTrans @63:13:
[[34m  Info  [0m]  => VALID
[[34m  Info  [0m]  - Result for 'precond. (call check(subseqTail[T](b)))' VC for subseqTrans @64:47:
[[34m  Info  [0m]  => VALID
[[34m  Info  [0m]  - Now solving 'postcondition' VC for subseqTrans @52:69...
[[34m  Info  [0m]  - Result for 'postcondition' VC for subseqTrans @52:69:
[[34m  Info  [0m]  => VALID
[[34m  Info  [0m]  - Now solving 'match exhaustiveness' VC for subseqTrans @56:7...
[[34m  Info  [0m]  - Result for 'match exhaustiveness' VC for subseqTrans @56:7:
[[34m  Info  [0m]  => VALID
[[34m  Info  [0m]  - Result for 'precond. (call subseqTrans[T](a, ys, c))' VC for subseqTrans @62:25:
[[33mWarning [0m]  => TIMEOUT
[[34m  Info  [0m]  - Result for 'precond. (call subseqTrans[T](ys, b, c))' VC for subseqTrans @64:21:
[[33mWarning [0m]  => TIMEOUT
[[34m  Info  [0m]   â”Œâ”€â”€â”€â”€â”€â”€â”€â”€â”€â”€â”€â”€â”€â”€â”€â”€â”€â”€â”€â”€â”€â”€â”
[[34m  Info  [0m] â•”â•â•¡ verification summary â•â•â•â•â•â•â•â•â•â•â•â•â•â•â•â•â•â•â•â•â•â•â•â•â•â•â•â•â•â•â•â•â•â•â•â•â•â•â•â•â•â•â•â•â•â•â•â•â•â•â•â•â•â•â•â•â•â•â•â•â•â•â•â•â•â•â•â•â•â•â•â•â•â•â•â•â•â•â•â•â•â•â•â•â•â•â•â•â•â•â•â•â•—
[[34m  Info  [0m] â•‘ â””â”€â”€â”€â”€â”€â”€â”€â”€â”€â”€â”€â”€â”€â”€â”€â”€â”€â”€â”€â”€â”€â”€â”˜                                                                                           â•‘
[[34m  Info  [0m] â•‘ NEW  subseqTrans  match exhaustiveness                             Automaton.scala:56:7   valid    nativez3  0.108 â•‘
[[34m  Info  [0m] â•‘ NEW  subseqTrans  postcondition                                    Automaton.scala:52:69  valid    nativez3  0.497 â•‘
[[34m  Info  [0m] â•‘ NEW  subseqTrans  precond. (call check(isSubseqOf[T](ys, c)))      Automaton.scala:63:13  valid    nativez3  0.343 â•‘
[[34m  Info  [0m] â•‘ NEW  subseqTrans  precond. (call check(subseqTail[T](b)))          Automaton.scala:64:47  valid    nativez3  0.372 â•‘
[[34m  Info  [0m] â•‘ NEW  subseqTrans  precond. (call check(subseqTrans[T](ys, b, c)))  Automaton.scala:64:15  valid    nativez3  1.089 â•‘
[[34m  Info  [0m] â•‘ NEW  subseqTrans  precond. (call subseqTrans[T](a, b, zs))         Automaton.scala:61:25  valid    nativez3  0.824 â•‘
[[34m  Info  [0m] â•‘ NEW  subseqTrans  precond. (call subseqTrans[T](a, ys, c))         Automaton.scala:62:25  timeout  nativez3  5.619 â•‘
[[34m  Info  [0m] â•‘ NEW  subseqTrans  precond. (call subseqTrans[T](xs, ys, zs))       Automaton.scala:60:25  valid    nativez3  0.825 â•‘
[[34m  Info  [0m] â•‘ NEW  subseqTrans  precond. (call subseqTrans[T](ys, b, c))         Automaton.scala:64:21  timeout  nativez3  5.071 â•‘
[[34m  Info  [0m] â•Ÿâ”„â”„â”„â”„â”„â”„â”„â”„â”„â”„â”„â”„â”„â”„â”„â”„â”„â”„â”„â”„â”„â”„â”„â”„â”„â”„â”„â”„â”„â”„â”„â”„â”„â”„â”„â”„â”„â”„â”„â”„â”„â”„â”„â”„â”„â”„â”„â”„â”„â”„â”„â”„â”„â”„â”„â”„â”„â”„â”„â”„â”„â”„â”„â”„â”„â”„â”„â”„â”„â”„â”„â”„â”„â”„â”„â”„â”„â”„â”„â”„â”„â”„â”„â”„â”„â”„â”„â”„â”„â”„â”„â”„â”„â”„â”„â”„â”„â”„â”„â”„â”„â”„â”„â”„â”„â”„â”„â”„â”„â”„â”„â”„â”„â”„â”„â”„â•¢
[[34m  Info  [0m] â•‘ total: 9      valid: 7    (0 from cache)   invalid: 0      unknown: 2     time:  14.748                            â•‘
[[34m  Info  [0m] â•šâ•â•â•â•â•â•â•â•â•â•â•â•â•â•â•â•â•â•â•â•â•â•â•â•â•â•â•â•â•â•â•â•â•â•â•â•â•â•â•â•â•â•â•â•â•â•â•â•â•â•â•â•â•â•â•â•â•â•â•â•â•â•â•â•â•â•â•â•â•â•â•â•â•â•â•â•â•â•â•â•â•â•â•â•â•â•â•â•â•â•â•â•â•â•â•â•â•â•â•â•â•â•â•â•â•â•â•â•â•â•â•â•â•â•â•â•â•
[[34m  Info  [0m] Shutting down executor service.
